Submission3/app/build/intermediates/manifest_merge_blame_file/debug/manifest-merger-blame-debug-report.txt
1<?xml version="1.0" encoding="utf-8"?>
2<manifest xmlns:android="http://schemas.android.com/apk/res/android"
3    package="com.example.github"
4    android:versionCode="1"
5    android:versionName="1.0" >
6
7    <uses-sdk
8        android:minSdkVersion="21"
8-->src\main\AndroidManifest.xml
9        android:targetSdkVersion="30" />
9-->src\main\AndroidManifest.xml
10
11    <uses-permission android:name="android.permission.WAKE_LOCK" />
11-->src\main\AndroidManifest.xml:6:5-67
11-->src\main\AndroidManifest.xml:6:22-65
12    <uses-permission android:name="android.permission.VIBRATE" />
12-->src\main\AndroidManifest.xml:7:5-65
12-->src\main\AndroidManifest.xml:7:22-63
13    <uses-permission android:name="android.permission.INTERNET" />
13-->src\main\AndroidManifest.xml:8:5-67
13-->src\main\AndroidManifest.xml:8:22-64
14    <uses-permission
14-->src\main\AndroidManifest.xml:9:5-105
15        android:name="com.example.github.READ_DATABASE"
15-->src\main\AndroidManifest.xml:9:22-69
16        android:protectionLevel="normal" />
16-->src\main\AndroidManifest.xml:9:70-102
17    <uses-permission
17-->src\main\AndroidManifest.xml:10:5-106
18        android:name="com.example.github.WRITE_DATABASE"
18-->src\main\AndroidManifest.xml:10:22-70
19        android:protectionLevel="normal" />
19-->src\main\AndroidManifest.xml:10:71-103
20
21    <queries>
21-->src\main\AndroidManifest.xml:44:5-46:15
22        <package android:name="com.example.github" />
22-->src\main\AndroidManifest.xml:45:9-54
22-->src\main\AndroidManifest.xml:45:18-51
23    </queries>
24
25    <application
25-->src\main\AndroidManifest.xml:12:5-42:19
26        android:allowBackup="true"
26-->src\main\AndroidManifest.xml:13:9-35
27        android:appComponentFactory="androidx.core.app.CoreComponentFactory"
27-->[androidx.core:core:1.3.1] AndroidManifest.xml:24:18-86
28        android:debuggable="true"
29        android:icon="@mipmap/ic_launcher"
29-->src\main\AndroidManifest.xml:14:9-43
30        android:label="@string/app_name"
30-->src\main\AndroidManifest.xml:15:9-41
31        android:roundIcon="@mipmap/ic_launcher_round"
31-->src\main\AndroidManifest.xml:16:9-54
32        android:supportsRtl="true"
32-->src\main\AndroidManifest.xml:17:9-35
33        android:testOnly="true"
34        android:theme="@style/AppTheme" >
34-->src\main\AndroidManifest.xml:18:9-40
35        <provider
35-->src\main\AndroidManifest.xml:19:9-23:38
36            android:name="com.example.github.provider.FavoriteProvider"
36-->src\main\AndroidManifest.xml:20:13-54
37            android:authorities="com.example.github"
37-->src\main\AndroidManifest.xml:21:13-53
38            android:enabled="true"
38-->src\main\AndroidManifest.xml:22:13-35
39            android:exported="true" />
39-->src\main\AndroidManifest.xml:23:13-36
40
41        <activity android:name="com.example.github.activity.SettingActivity" />
41-->src\main\AndroidManifest.xml:25:9-62
41-->src\main\AndroidManifest.xml:25:19-59
42        <activity android:name="com.example.github.activity.FavoriteActivity" />
42-->src\main\AndroidManifest.xml:26:9-63
42-->src\main\AndroidManifest.xml:26:19-60
43        <activity android:name="com.example.github.activity.DetailActivity" />
43-->src\main\AndroidManifest.xml:27:9-61
43-->src\main\AndroidManifest.xml:27:19-58
44        <activity android:name="com.example.github.activity.MainActivity" >
44-->src\main\AndroidManifest.xml:28:9-34:20
44-->src\main\AndroidManifest.xml:28:19-56
45            <intent-filter>
45-->src\main\AndroidManifest.xml:29:13-33:29
46                <action android:name="android.intent.action.MAIN" />
46-->src\main\AndroidManifest.xml:30:17-69
46-->src\main\AndroidManifest.xml:30:25-66
47
48                <category android:name="android.intent.category.LAUNCHER" />
48-->src\main\AndroidManifest.xml:32:17-77
48-->src\main\AndroidManifest.xml:32:27-74
49            </intent-filter>
50        </activity>
51
52        <receiver
52-->src\main\AndroidManifest.xml:36:9-40:47
53            android:name="com.example.github.AlarmReceiver"
53-->src\main\AndroidManifest.xml:37:13-42
54            android:enabled="true"
54-->src\main\AndroidManifest.xml:38:13-35
55            android:exported="true" />
55-->src\main\AndroidManifest.xml:39:13-36
56    </application>
57
58</manifest>